<?xml version="1.0" encoding="UTF-8"?>
<!-- Generated by org.testng.reporters.JUnitReportReporter -->
<testsuite skipped="0" hostname="LAPTOP-M0OI58L8" name="Automation_Project.AutomationMain" tests="3" failures="0" timestamp="2020-08-20T21:06:54 IST" time="56.660" errors="0">
  <testcase name="Accountpage" time="5.292" classname="Automation_Project.AutomationMain"/>
  <system-out/>
  <testcase name="createAccountPage" time="11.266" classname="Automation_Project.AutomationMain"/>
  <system-out/>
  <testcase name="addtoCart" time="40.102" classname="Automation_Project.AutomationMain"/>
  <system-out/>
</testsuite> <!-- Automation_Project.AutomationMain -->
