<?xml version="1.0" encoding="UTF-8"?>
<!-- Generated by org.testng.reporters.JUnitReportReporter -->
<testsuite skipped="1" hostname="LAPTOP-M0OI58L8" name="Automation_Project.CreateAccount" tests="1" failures="0" timestamp="2020-08-19T20:37:20 IST" time="0.000" errors="0">
  <testcase name="createAnAccount" time="0.000" classname="Automation_Project.CreateAccount">
    <skipped/>
  </testcase> <!-- createAnAccount -->
  <system-out/>
</testsuite> <!-- Automation_Project.CreateAccount -->
